2024-08-02 18:11:19,860 [Worker-4: Loading available Gradle versions] INFO  o.e.b.c.i.u.g.PublishedGradleVersions - Gradle version information cache is out-of-date. Trying to update.
2024-08-02 18:18:58,951 [Worker-7: Importing Maven projects] INFO  o.e.m.c.i.l.LifecycleMappingFactory - Using org.eclipse.m2e.jdt.JarLifecycleMapping lifecycle mapping for MavenProject: com.web:Hotel-Booking-App-Backend:0.0.1-SNAPSHOT @ F:\Excelr\project\Hotel mgt\FINAL HBS\Hotel-Booking-App-Backend\pom.xml.
2024-08-02 18:19:27,374 [Worker-7: Importing Maven projects] INFO  o.e.m.j.i.AbstractJavaProjectConfigurator - Adding source folder /Hotel-Booking-App-Backend/src/main/java
2024-08-02 18:19:27,375 [Worker-7: Importing Maven projects] INFO  o.e.m.j.i.AbstractJavaProjectConfigurator - Adding resource folder /Hotel-Booking-App-Backend/src/main/resources
2024-08-02 18:19:27,421 [Worker-7: Importing Maven projects] INFO  o.e.m.j.i.AbstractJavaProjectConfigurator - Adding resource folder /Hotel-Booking-App-Backend/src/main/resources
2024-08-02 18:19:27,450 [Worker-7: Importing Maven projects] INFO  o.e.m.j.i.AbstractJavaProjectConfigurator - Adding source folder /Hotel-Booking-App-Backend/src/test/java
2024-08-02 18:19:27,452 [Worker-7: Importing Maven projects] INFO  o.e.m.j.i.AbstractJavaProjectConfigurator - Adding resource folder /Hotel-Booking-App-Backend/src/test/resources
2024-08-02 18:19:28,545 [Worker-7: Importing Maven projects] INFO  o.e.m.c.i.p.ProjectConfigurationManager - Imported and configured 1 project(s) in 49 sec
2024-08-02 18:19:28,877 [Worker-15: Updating Maven Project] INFO  o.e.m.c.i.p.ProjectConfigurationManager - Update started
2024-08-02 18:19:29,884 [Worker-15: Updating Maven Project] INFO  o.e.m.c.i.l.LifecycleMappingFactory - Using org.eclipse.m2e.jdt.JarLifecycleMapping lifecycle mapping for MavenProject: com.web:Hotel-Booking-App-Backend:0.0.1-SNAPSHOT @ F:\Excelr\project\Hotel mgt\FINAL HBS\Hotel-Booking-App-Backend\pom.xml.
2024-08-02 18:19:31,632 [Worker-15: Updating Maven Project] INFO  o.e.m.j.i.AbstractJavaProjectConfigurator - Adding source folder /Hotel-Booking-App-Backend/src/main/java
2024-08-02 18:19:31,634 [Worker-15: Updating Maven Project] INFO  o.e.m.j.i.AbstractJavaProjectConfigurator - Adding resource folder /Hotel-Booking-App-Backend/src/main/resources
2024-08-02 18:19:31,636 [Worker-15: Updating Maven Project] INFO  o.e.m.j.i.AbstractJavaProjectConfigurator - Adding resource folder /Hotel-Booking-App-Backend/src/main/resources
2024-08-02 18:19:31,637 [Worker-15: Updating Maven Project] INFO  o.e.m.j.i.AbstractJavaProjectConfigurator - Adding source folder /Hotel-Booking-App-Backend/src/test/java
2024-08-02 18:19:31,638 [Worker-15: Updating Maven Project] INFO  o.e.m.j.i.AbstractJavaProjectConfigurator - Adding resource folder /Hotel-Booking-App-Backend/src/test/resources
2024-08-02 18:19:33,086 [Worker-15: Updating Maven Project] INFO  o.e.m.c.i.p.ProjectConfigurationManager - Update completed for 1 poms: local refresh takes 0.00 sec, refresh facades takes 2.00 sec, update config takes 0.00 sec 
2024-08-02 18:19:36,905 [Worker-14: Building] INFO  o.a.m.s.f.DefaultMavenResourcesFiltering - Copying 1 resource from src\main\resources to target\classes
2024-08-02 18:19:36,993 [Worker-14: Building] INFO  o.a.m.s.f.DefaultMavenResourcesFiltering - Copying 0 resource from src\main\resources to target\classes
2024-08-02 18:19:37,001 [Worker-14: Building] INFO  o.a.m.s.f.DefaultMavenResourcesFiltering - skip non existing resourceDirectory F:\Excelr\project\Hotel mgt\FINAL HBS\Hotel-Booking-App-Backend\src\test\resources
2024-08-02 18:31:59,236 [Worker-17: Building] INFO  o.a.m.s.f.DefaultMavenResourcesFiltering - Copying 1 resource from src\main\resources to target\classes
2024-08-02 18:31:59,312 [Worker-17: Building] INFO  o.a.m.s.f.DefaultMavenResourcesFiltering - Copying 0 resource from src\main\resources to target\classes
2024-08-02 18:31:59,327 [Worker-17: Building] INFO  o.a.m.s.f.DefaultMavenResourcesFiltering - skip non existing resourceDirectory F:\Excelr\project\Hotel mgt\FINAL HBS\Hotel-Booking-App-Backend\src\test\resources
